<?xml version="1.0" encoding="UTF-8"?>
<testsuite xmlns:xsi="http://www.w3.org/2001/XMLSchema-instance" xsi:noNamespaceSchemaLocation="https://maven.apache.org/surefire/maven-surefire-plugin/xsd/surefire-test-report-3.0.xsd" version="3.0" name="io.helidon.examples.quickstart.mp.MainTest" time="6.161" tests="5" errors="0" skipped="0" failures="0">
  <properties>
[...]
</properties>
  <testcase name="testGreet" classname="io.helidon.examples.quickstart.mp.MainTest" time="0.742">
    <system-out><![CDATA[2022.09.06 13:56:34 INFO io.helidon.common.LogConfig Thread[main,5,main]: Logging at initialization configured using C:\Users\akskumak\Desktop\helidon\helidon-quickstart-mp\target\classes\logging.properties
2022.09.06 13:56:35 INFO io.helidon.microprofile.server.ServerCdiExtension Thread[main,5,main]: Registering JAX-RS Application: HelidonMP
2022.09.06 13:56:37 INFO io.helidon.webserver.NettyWebServer Thread[nioEventLoopGroup-2-1,10,main]: Channel '@default' started: [id: 0x85b94e61, L:/[0:0:0:0:0:0:0:0]:65195]
2022.09.06 13:56:37 INFO io.helidon.microprofile.server.ServerCdiExtension Thread[main,5,main]: Server started on http://localhost:65195 (and all other host addresses) in 5802 milliseconds (since JVM startup).
2022.09.06 13:56:37 INFO io.helidon.common.HelidonFeatures Thread[features-thread,5,main]: Helidon MP 3.0.1 features: [CDI, Config, Health, JAX-RS, Metrics, Open API, Server]
]]></system-out>
  </testcase>
  <testcase name="testGreetings" classname="io.helidon.examples.quickstart.mp.MainTest" time="0.059"/>
  <testcase name="testHealth" classname="io.helidon.examples.quickstart.mp.MainTest" time="0.05"/>
  <testcase name="testMetrics" classname="io.helidon.examples.quickstart.mp.MainTest" time="0.033"/>
  <testcase name="testMicroprofileMetrics" classname="io.helidon.examples.quickstart.mp.MainTest" time="0.043"/>
</testsuite>